2025-04-26 22:20:39,192 - INFO - Logging started. Output file: C:\Users\LENOVO\Desktop\jomhack\SMORT-JOMHACK-\logs\train_sensors_20250426_222039.log
2025-04-26 22:20:39,246 - INFO - 
=== Training Sensor 1 ===
2025-04-26 22:20:45,264 - INFO - [Sensor 1] MAE: 0.40, RMSE: 0.98, R²: 0.97
2025-04-26 22:21:20,888 - INFO - [Sensor 1] K-Fold Mean MAE: 0.16, Standard Deviation: 0.00
2025-04-26 22:21:36,180 - WARNING - [Sensor 1] No full-level prediction found within the next 2 days.
2025-04-26 22:21:36,233 - INFO - [Sensor 1] Model saved successfully at: C:\Users\LENOVO\Desktop\jomhack\SMORT-JOMHACK-\ML-model\sensor_1_model.joblib
2025-04-26 22:21:36,234 - INFO - 
=== Training Sensor 2 ===
2025-04-26 22:21:42,386 - INFO - [Sensor 2] MAE: 0.30, RMSE: 0.67, R²: 0.98
2025-04-26 22:22:24,496 - INFO - [Sensor 2] K-Fold Mean MAE: 0.16, Standard Deviation: 0.00
2025-04-26 22:22:47,584 - WARNING - [Sensor 2] No full-level prediction found within the next 2 days.
2025-04-26 22:22:47,653 - INFO - [Sensor 2] Model saved successfully at: C:\Users\LENOVO\Desktop\jomhack\SMORT-JOMHACK-\ML-model\sensor_2_model.joblib
2025-04-26 22:22:47,655 - INFO - 
=== Training Sensor 3 ===
2025-04-26 22:22:48,160 - INFO - [Sensor 3] MAE: 0.00, RMSE: 0.00, R²: 1.00
2025-04-26 22:22:49,178 - INFO - [Sensor 3] K-Fold Mean MAE: 0.00, Standard Deviation: 0.00
2025-04-26 22:22:49,200 - INFO - [Sensor 3] Trash will be full at: 2025-04-26 22:15:00
2025-04-26 22:22:49,200 - INFO - [Sensor 3] Hours until full: 0.25
2025-04-26 22:22:49,200 - INFO - [Sensor 3] Predicted level: 100.00%
2025-04-26 22:22:49,266 - INFO - [Sensor 3] Model saved successfully at: C:\Users\LENOVO\Desktop\jomhack\SMORT-JOMHACK-\ML-model\sensor_3_model.joblib
2025-04-26 22:22:49,269 - INFO - 
=== Training Sensor 4 ===
2025-04-26 22:22:56,069 - INFO - [Sensor 4] MAE: 0.32, RMSE: 0.81, R²: 0.98
2025-04-26 22:23:35,470 - INFO - [Sensor 4] K-Fold Mean MAE: 0.16, Standard Deviation: 0.00
2025-04-26 22:23:58,501 - WARNING - [Sensor 4] No full-level prediction found within the next 2 days.
2025-04-26 22:23:58,561 - INFO - [Sensor 4] Model saved successfully at: C:\Users\LENOVO\Desktop\jomhack\SMORT-JOMHACK-\ML-model\sensor_4_model.joblib
2025-04-26 22:23:58,562 - INFO - 
=== Training Sensor 5 ===
2025-04-26 22:23:59,072 - INFO - [Sensor 5] MAE: 0.00, RMSE: 0.00, R²: 1.00
2025-04-26 22:24:00,076 - INFO - [Sensor 5] K-Fold Mean MAE: 0.00, Standard Deviation: 0.00
2025-04-26 22:24:00,104 - INFO - [Sensor 5] Trash will be full at: 2025-04-26 22:15:00
2025-04-26 22:24:00,104 - INFO - [Sensor 5] Hours until full: 0.25
2025-04-26 22:24:00,105 - INFO - [Sensor 5] Predicted level: 100.00%
2025-04-26 22:24:00,171 - INFO - [Sensor 5] Model saved successfully at: C:\Users\LENOVO\Desktop\jomhack\SMORT-JOMHACK-\ML-model\sensor_5_model.joblib
2025-04-26 22:24:00,174 - INFO - 
=== Training Sensor 6 ===
2025-04-26 22:24:00,701 - INFO - [Sensor 6] MAE: 0.00, RMSE: 0.00, R²: 1.00
2025-04-26 22:24:01,721 - INFO - [Sensor 6] K-Fold Mean MAE: 0.00, Standard Deviation: 0.00
2025-04-26 22:24:01,746 - INFO - [Sensor 6] Trash will be full at: 2025-04-26 22:15:00
2025-04-26 22:24:01,747 - INFO - [Sensor 6] Hours until full: 0.25
2025-04-26 22:24:01,747 - INFO - [Sensor 6] Predicted level: 100.00%
2025-04-26 22:24:01,807 - INFO - [Sensor 6] Model saved successfully at: C:\Users\LENOVO\Desktop\jomhack\SMORT-JOMHACK-\ML-model\sensor_6_model.joblib
2025-04-26 22:24:01,809 - INFO - 
=== Training Sensor 7 ===
2025-04-26 22:24:09,352 - INFO - [Sensor 7] MAE: 0.50, RMSE: 0.74, R²: 0.99
2025-04-26 22:24:57,417 - INFO - [Sensor 7] K-Fold Mean MAE: 0.23, Standard Deviation: 0.00
2025-04-26 22:25:20,310 - WARNING - [Sensor 7] No full-level prediction found within the next 2 days.
2025-04-26 22:25:20,384 - INFO - [Sensor 7] Model saved successfully at: C:\Users\LENOVO\Desktop\jomhack\SMORT-JOMHACK-\ML-model\sensor_7_model.joblib
2025-04-26 22:25:20,385 - INFO - 
=== Training Sensor 8 ===
2025-04-26 22:25:27,904 - INFO - [Sensor 8] MAE: 0.51, RMSE: 0.75, R²: 0.99
2025-04-26 22:26:15,751 - INFO - [Sensor 8] K-Fold Mean MAE: 0.23, Standard Deviation: 0.00
2025-04-26 22:26:38,667 - WARNING - [Sensor 8] No full-level prediction found within the next 2 days.
2025-04-26 22:26:38,745 - INFO - [Sensor 8] Model saved successfully at: C:\Users\LENOVO\Desktop\jomhack\SMORT-JOMHACK-\ML-model\sensor_8_model.joblib
2025-04-26 22:26:38,747 - INFO - 
=== Training Sensor 9 ===
2025-04-26 22:26:46,293 - INFO - [Sensor 9] MAE: 0.50, RMSE: 0.74, R²: 0.99
2025-04-26 22:27:34,103 - INFO - [Sensor 9] K-Fold Mean MAE: 0.23, Standard Deviation: 0.00
2025-04-26 22:27:56,976 - WARNING - [Sensor 9] No full-level prediction found within the next 2 days.
2025-04-26 22:27:57,045 - INFO - [Sensor 9] Model saved successfully at: C:\Users\LENOVO\Desktop\jomhack\SMORT-JOMHACK-\ML-model\sensor_9_model.joblib
2025-04-26 22:27:57,047 - INFO - Database connection closed.
